<?xml version="1.0" encoding="UTF-8"?>
<!-- Generated by org.testng.reporters.JUnitReportReporter -->
<testsuite hostname="DESKTOP-EH2F7BB" failures="0" tests="1" name="tests.MainTest" time="0.205" errors="0" timestamp="2020-11-28T22:45:09 ICT" skipped="0">
  <testcase classname="tests.MainTest" name="verifyHomepageTitle" time="0.205"/>
  <system-out/>
</testsuite> <!-- tests.MainTest -->
