<?xml version="1.0" encoding="UTF-8"?>
<!-- Generated by org.testng.reporters.JUnitReportReporter -->
<testsuite hostname="DESKTOP-EH2F7BB" failures="0" tests="3" name="tests.ProductTest" time="14.971" errors="0" timestamp="2020-11-29T20:42:29 ICT" skipped="0">
  <testcase classname="tests.ProductTest" name="getProductsFromAmazon" time="5.545"/>
  <system-out/>
  <testcase classname="tests.ProductTest" name="getProductsFromEpay" time="9.418"/>
  <system-out/>
  <testcase classname="tests.ProductTest" name="printAllProducts" time="0.008"/>
  <system-out/>
</testsuite> <!-- tests.ProductTest -->
